<?xml version="1.0" encoding="UTF-8" ?>
<testsuite tests="21" failures="0" name="com.documentosbrasileiros.documentos.cpf.CPFTest" time="0.023" errors="0" skipped="0">
  <properties>
    <property name="java.runtime.name" value="OpenJDK Runtime Environment"/>
    <property name="java.vm.version" value="15+36-1562"/>
    <property name="sun.boot.library.path" value="C:\java\jdk-15\bin"/>
    <property name="maven.multiModuleProjectDirectory" value="C:\Users\mateu\Documents\NetBeansProjects\DocumentosBrasileiros"/>
    <property name="java.vm.vendor" value="Oracle Corporation"/>
    <property name="java.vendor.url" value="https://java.oracle.com/"/>
    <property name="guice.disable.misplaced.annotation.check" value="true"/>
    <property name="path.separator" value=";"/>
    <property name="java.vm.name" value="OpenJDK 64-Bit Server VM"/>
    <property name="sun.os.patch.level" value=""/>
    <property name="user.script" value=""/>
    <property name="user.country" value="BR"/>
    <property name="sun.java.launcher" value="SUN_STANDARD"/>
    <property name="test" value="com.documentosbrasileiros.documentos.cpf.CPFTest"/>
    <property name="java.vm.specification.name" value="Java Virtual Machine Specification"/>
    <property name="user.dir" value="C:\Users\mateu\Documents\NetBeansProjects\DocumentosBrasileiros"/>
    <property name="java.vm.compressedOopsMode" value="Zero based"/>
    <property name="java.runtime.version" value="15+36-1562"/>
    <property name="os.arch" value="amd64"/>
    <property name="java.io.tmpdir" value="C:\Users\mateu\AppData\Local\Temp\"/>
    <property name="line.separator" value="
"/>
    <property name="java.vm.specification.vendor" value="Oracle Corporation"/>
    <property name="user.variant" value=""/>
    <property name="os.name" value="Windows 10"/>
    <property name="maven.ext.class.path" value="C:\Program Files\NetBeans-13\netbeans\java\maven-nblib\netbeans-eventspy.jar"/>
    <property name="classworlds.conf" value="C:\Program Files\NetBeans-13\netbeans\java\maven\bin\m2.conf"/>
    <property name="sun.jnu.encoding" value="Cp1252"/>
    <property name="java.library.path" value="C:\java\jdk-15\bin;C:\WINDOWS\Sun\Java\bin;C:\WINDOWS\system32;C:\WINDOWS;C:\WINDOWS\system32;C:\WINDOWS;C:\WINDOWS\System32\Wbem;C:\WINDOWS\System32\WindowsPowerShell\v1.0\;C:\WINDOWS\System32\OpenSSH\;C:\Program Files (x86)\NVIDIA Corporation\PhysX\Common;C:\Program Files\NVIDIA Corporation\NVIDIA NvDLISR;C:\WINDOWS\system32;C:\WINDOWS;C:\WINDOWS\System32\Wbem;C:\WINDOWS\System32\WindowsPowerShell\v1.0\;C:\WINDOWS\System32\OpenSSH\;C:\java\jdk-15\bin;C:\Users\mateu\AppData\Local\Programs\Python\Python310;;C:\Program Files\Docker\Docker\resources\bin;C:\ProgramData\DockerDesktop\version-bin;C:\Users\mateu\AppData\Local\Programs\Python\Python310\Scripts\;C:\Users\mateu\AppData\Local\Programs\Python\Python310\;C:\Users\mateu\AppData\Local\Microsoft\WindowsApps;;C:\Users\mateu\AppData\Local\Programs\Microsoft VS Code\bin;."/>
    <property name="maven.conf" value="C:\Program Files\NetBeans-13\netbeans\java\maven/conf"/>
    <property name="jdk.debug" value="release"/>
    <property name="java.class.version" value="59.0"/>
    <property name="java.specification.name" value="Java Platform API Specification"/>
    <property name="sun.management.compiler" value="HotSpot 64-Bit Tiered Compilers"/>
    <property name="os.version" value="10.0"/>
    <property name="library.jansi.path" value="C:\Program Files\NetBeans-13\netbeans\java\maven\lib\jansi-native"/>
    <property name="user.home" value="C:\Users\mateu"/>
    <property name="user.timezone" value="America/Sao_Paulo"/>
    <property name="file.encoding" value="UTF-8"/>
    <property name="java.specification.version" value="15"/>
    <property name="user.name" value="mateu"/>
    <property name="java.class.path" value="C:\Program Files\NetBeans-13\netbeans\java\maven\boot\plexus-classworlds-2.6.0.jar"/>
    <property name="java.vm.specification.version" value="15"/>
    <property name="sun.arch.data.model" value="64"/>
    <property name="sun.java.command" value="org.codehaus.plexus.classworlds.launcher.Launcher -Dtest=com.documentosbrasileiros.documentos.cpf.CPFTest -Dmaven.ext.class.path=C:\Program Files\NetBeans-13\netbeans\java\maven-nblib\netbeans-eventspy.jar -Dfile.encoding=UTF-8 surefire:test"/>
    <property name="java.home" value="C:\java\jdk-15"/>
    <property name="user.language" value="pt"/>
    <property name="java.specification.vendor" value="Oracle Corporation"/>
    <property name="java.vm.info" value="mixed mode, sharing"/>
    <property name="java.version" value="15"/>
    <property name="java.vendor" value="Oracle Corporation"/>
    <property name="maven.home" value="C:\Program Files\NetBeans-13\netbeans\java\maven"/>
    <property name="file.separator" value="\"/>
    <property name="java.version.date" value="2020-09-15"/>
    <property name="java.vendor.url.bug" value="https://bugreport.java.com/bugreport/"/>
    <property name="sun.io.unicode.encoding" value="UnicodeLittle"/>
    <property name="sun.cpu.endian" value="little"/>
    <property name="sun.cpu.isalist" value="amd64"/>
  </properties>
  <testcase classname="com.documentosbrasileiros.documentos.cpf.CPFTest" name="deveriaFalharCriarCpfInvalidos" time="0.016"/>
  <testcase classname="com.documentosbrasileiros.documentos.cpf.CPFTest" name="deveriaCriarCpfComStringNaoFormatadaEIncompleta" time="0"/>
  <testcase classname="com.documentosbrasileiros.documentos.cpf.CPFTest" name="deveriaFalharAoCriarCpfComApenasCinco" time="0.001"/>
  <testcase classname="com.documentosbrasileiros.documentos.cpf.CPFTest" name="deveriaFalharAoCriarCpfComLongGrandeDemais" time="0"/>
  <testcase classname="com.documentosbrasileiros.documentos.cpf.CPFTest" name="deveriaFalharAoCriarCpfComStringGrandeDemais" time="0"/>
  <testcase classname="com.documentosbrasileiros.documentos.cpf.CPFTest" name="deveriaCriarCpfComStringNaoFormatada" time="0.001"/>
  <testcase classname="com.documentosbrasileiros.documentos.cpf.CPFTest" name="deveriaFalharAoCriarCpfComCaracteresForaDoPadrao1" time="0"/>
  <testcase classname="com.documentosbrasileiros.documentos.cpf.CPFTest" name="deveriaFalharAoCriarCpfComCaracteresForaDoPadrao2" time="0.001"/>
  <testcase classname="com.documentosbrasileiros.documentos.cpf.CPFTest" name="deveriaFalharAoCriarCpfComCaracteresForaDoPadrao3" time="0"/>
  <testcase classname="com.documentosbrasileiros.documentos.cpf.CPFTest" name="deveriaFalharAoCriarCpfComApenasUm" time="0"/>
  <testcase classname="com.documentosbrasileiros.documentos.cpf.CPFTest" name="deveriaFalharAoCriarCpfComApenasDois" time="0.001"/>
  <testcase classname="com.documentosbrasileiros.documentos.cpf.CPFTest" name="deveriaFalharAoCriarCpfComApenasNove" time="0"/>
  <testcase classname="com.documentosbrasileiros.documentos.cpf.CPFTest" name="deveriaFalharAoCriarCpfComApenasOito" time="0"/>
  <testcase classname="com.documentosbrasileiros.documentos.cpf.CPFTest" name="deveriaFalharAoCriarCpfComApenasSeis" time="0.001"/>
  <testcase classname="com.documentosbrasileiros.documentos.cpf.CPFTest" name="deveriaFalharAoCriarCpfComApenasSete" time="0"/>
  <testcase classname="com.documentosbrasileiros.documentos.cpf.CPFTest" name="deveriaFalharAoCriarCpfComApenasTres" time="0.001"/>
  <testcase classname="com.documentosbrasileiros.documentos.cpf.CPFTest" name="deveriaFalharAoCriarCpfComApenasZero" time="0"/>
  <testcase classname="com.documentosbrasileiros.documentos.cpf.CPFTest" name="deveriaCriarCpfValidos" time="0"/>
  <testcase classname="com.documentosbrasileiros.documentos.cpf.CPFTest" name="deveriaFalharAoCriarCpfComApenasQuatro" time="0.001"/>
  <testcase classname="com.documentosbrasileiros.documentos.cpf.CPFTest" name="deveriaCriarCpfComLongIncompleta" time="0"/>
  <testcase classname="com.documentosbrasileiros.documentos.cpf.CPFTest" name="deveriaCriarCpfComStringFormatadaECompleta" time="0"/>
</testsuite>