<?xml version="1.0" encoding="UTF-8" ?>
<testsuite tests="19" failures="1" name="com.documentosbrasileiros.documentos.cnpj.CNPJTest" time="0.028" errors="0" skipped="0">
  <properties>
    <property name="java.runtime.name" value="OpenJDK Runtime Environment"/>
    <property name="java.vm.version" value="15+36-1562"/>
    <property name="sun.boot.library.path" value="C:\java\jdk-15\bin"/>
    <property name="maven.multiModuleProjectDirectory" value="C:\Users\mateu\Documents\NetBeansProjects\DocumentosBrasileiros"/>
    <property name="java.vm.vendor" value="Oracle Corporation"/>
    <property name="java.vendor.url" value="https://java.oracle.com/"/>
    <property name="guice.disable.misplaced.annotation.check" value="true"/>
    <property name="path.separator" value=";"/>
    <property name="java.vm.name" value="OpenJDK 64-Bit Server VM"/>
    <property name="sun.os.patch.level" value=""/>
    <property name="user.script" value=""/>
    <property name="user.country" value="BR"/>
    <property name="sun.java.launcher" value="SUN_STANDARD"/>
    <property name="test" value="com.documentosbrasileiros.documentos.cnpj.CNPJTest"/>
    <property name="java.vm.specification.name" value="Java Virtual Machine Specification"/>
    <property name="user.dir" value="C:\Users\mateu\Documents\NetBeansProjects\DocumentosBrasileiros"/>
    <property name="java.vm.compressedOopsMode" value="Zero based"/>
    <property name="java.runtime.version" value="15+36-1562"/>
    <property name="os.arch" value="amd64"/>
    <property name="java.io.tmpdir" value="C:\Users\mateu\AppData\Local\Temp\"/>
    <property name="line.separator" value="
"/>
    <property name="java.vm.specification.vendor" value="Oracle Corporation"/>
    <property name="user.variant" value=""/>
    <property name="os.name" value="Windows 10"/>
    <property name="maven.ext.class.path" value="C:\Program Files\NetBeans-13\netbeans\java\maven-nblib\netbeans-eventspy.jar"/>
    <property name="classworlds.conf" value="C:\Program Files\NetBeans-13\netbeans\java\maven\bin\m2.conf"/>
    <property name="sun.jnu.encoding" value="Cp1252"/>
    <property name="java.library.path" value="C:\java\jdk-15\bin;C:\WINDOWS\Sun\Java\bin;C:\WINDOWS\system32;C:\WINDOWS;C:\WINDOWS\system32;C:\WINDOWS;C:\WINDOWS\System32\Wbem;C:\WINDOWS\System32\WindowsPowerShell\v1.0\;C:\WINDOWS\System32\OpenSSH\;C:\Program Files (x86)\NVIDIA Corporation\PhysX\Common;C:\Program Files\NVIDIA Corporation\NVIDIA NvDLISR;C:\WINDOWS\system32;C:\WINDOWS;C:\WINDOWS\System32\Wbem;C:\WINDOWS\System32\WindowsPowerShell\v1.0\;C:\WINDOWS\System32\OpenSSH\;C:\java\jdk-15\bin;C:\Users\mateu\AppData\Local\Programs\Python\Python310;;C:\Program Files\Docker\Docker\resources\bin;C:\ProgramData\DockerDesktop\version-bin;C:\Users\mateu\AppData\Local\Programs\Python\Python310\Scripts\;C:\Users\mateu\AppData\Local\Programs\Python\Python310\;C:\Users\mateu\AppData\Local\Microsoft\WindowsApps;;C:\Users\mateu\AppData\Local\Programs\Microsoft VS Code\bin;."/>
    <property name="maven.conf" value="C:\Program Files\NetBeans-13\netbeans\java\maven/conf"/>
    <property name="jdk.debug" value="release"/>
    <property name="java.class.version" value="59.0"/>
    <property name="java.specification.name" value="Java Platform API Specification"/>
    <property name="sun.management.compiler" value="HotSpot 64-Bit Tiered Compilers"/>
    <property name="os.version" value="10.0"/>
    <property name="library.jansi.path" value="C:\Program Files\NetBeans-13\netbeans\java\maven\lib\jansi-native"/>
    <property name="user.home" value="C:\Users\mateu"/>
    <property name="user.timezone" value="America/Sao_Paulo"/>
    <property name="file.encoding" value="UTF-8"/>
    <property name="java.specification.version" value="15"/>
    <property name="user.name" value="mateu"/>
    <property name="java.class.path" value="C:\Program Files\NetBeans-13\netbeans\java\maven\boot\plexus-classworlds-2.6.0.jar"/>
    <property name="java.vm.specification.version" value="15"/>
    <property name="sun.arch.data.model" value="64"/>
    <property name="sun.java.command" value="org.codehaus.plexus.classworlds.launcher.Launcher -Dtest=com.documentosbrasileiros.documentos.cnpj.CNPJTest -Dmaven.ext.class.path=C:\Program Files\NetBeans-13\netbeans\java\maven-nblib\netbeans-eventspy.jar -Dfile.encoding=UTF-8 surefire:test"/>
    <property name="java.home" value="C:\java\jdk-15"/>
    <property name="user.language" value="pt"/>
    <property name="java.specification.vendor" value="Oracle Corporation"/>
    <property name="java.vm.info" value="mixed mode, sharing"/>
    <property name="java.version" value="15"/>
    <property name="java.vendor" value="Oracle Corporation"/>
    <property name="maven.home" value="C:\Program Files\NetBeans-13\netbeans\java\maven"/>
    <property name="file.separator" value="\"/>
    <property name="java.version.date" value="2020-09-15"/>
    <property name="java.vendor.url.bug" value="https://bugreport.java.com/bugreport/"/>
    <property name="sun.io.unicode.encoding" value="UnicodeLittle"/>
    <property name="sun.cpu.endian" value="little"/>
    <property name="sun.cpu.isalist" value="amd64"/>
  </properties>
  <testcase classname="com.documentosbrasileiros.documentos.cnpj.CNPJTest" name="deveriaFalharCriarCnpjInvalidos" time="0.009"/>
  <testcase classname="com.documentosbrasileiros.documentos.cnpj.CNPJTest" name="deveriaFalharAoCriarCnpjComStringGrandeDemais" time="0"/>
  <testcase classname="com.documentosbrasileiros.documentos.cnpj.CNPJTest" name="deveriaFalharAoCriarCnpjComApenasUm" time="0"/>
  <testcase classname="com.documentosbrasileiros.documentos.cnpj.CNPJTest" name="deveriaCriarCnpjComLongIncompleta" time="0.013"/>
  <testcase classname="com.documentosbrasileiros.documentos.cnpj.CNPJTest" name="deveriaCriarCnpjValidos" time="0"/>
  <testcase classname="com.documentosbrasileiros.documentos.cnpj.CNPJTest" name="deveriaCriarCnpjComStringNaoFormatadaEIncompleta" time="0"/>
  <testcase classname="com.documentosbrasileiros.documentos.cnpj.CNPJTest" name="deveriaFalharAoCriarCnpjComApenasDois" time="0.001"/>
  <testcase classname="com.documentosbrasileiros.documentos.cnpj.CNPJTest" name="deveriaFalharAoCriarCnpjComApenasNove" time="0"/>
  <testcase classname="com.documentosbrasileiros.documentos.cnpj.CNPJTest" name="deveriaFalharAoCriarCnpjComApenasOito" time="0"/>
  <testcase classname="com.documentosbrasileiros.documentos.cnpj.CNPJTest" name="deveriaFalharAoCriarCnpjComApenasSeis" time="0"/>
  <testcase classname="com.documentosbrasileiros.documentos.cnpj.CNPJTest" name="deveriaFalharAoCriarCnpjComApenasSete" time="0"/>
  <testcase classname="com.documentosbrasileiros.documentos.cnpj.CNPJTest" name="deveriaFalharAoCriarCnpjComApenasTres" time="0"/>
  <testcase classname="com.documentosbrasileiros.documentos.cnpj.CNPJTest" name="deveriaFalharAoCriarCnpjComApenasZero" time="0.004">
    <failure message="Expected exception: com.documentosbrasileiros.documentos.cnpj.CNPJInvalidoException" type="java.lang.AssertionError">java.lang.AssertionError: Expected exception: com.documentosbrasileiros.documentos.cnpj.CNPJInvalidoException
	at org.junit.internal.runners.statements.ExpectException.evaluate(ExpectException.java:34)
	at org.junit.runners.ParentRunner$3.evaluate(ParentRunner.java:306)
	at org.junit.runners.BlockJUnit4ClassRunner$1.evaluate(BlockJUnit4ClassRunner.java:100)
	at org.junit.runners.ParentRunner.runLeaf(ParentRunner.java:366)
	at org.junit.runners.BlockJUnit4ClassRunner.runChild(BlockJUnit4ClassRunner.java:103)
	at org.junit.runners.BlockJUnit4ClassRunner.runChild(BlockJUnit4ClassRunner.java:63)
	at org.junit.runners.ParentRunner$4.run(ParentRunner.java:331)
	at org.junit.runners.ParentRunner$1.schedule(ParentRunner.java:79)
	at org.junit.runners.ParentRunner.runChildren(ParentRunner.java:329)
	at org.junit.runners.ParentRunner.access$100(ParentRunner.java:66)
	at org.junit.runners.ParentRunner$2.evaluate(ParentRunner.java:293)
	at org.junit.runners.ParentRunner$3.evaluate(ParentRunner.java:306)
	at org.junit.runners.ParentRunner.run(ParentRunner.java:413)
	at org.apache.maven.surefire.junit4.JUnit4Provider.execute(JUnit4Provider.java:252)
	at org.apache.maven.surefire.junit4.JUnit4Provider.executeTestSet(JUnit4Provider.java:141)
	at org.apache.maven.surefire.junit4.JUnit4Provider.invoke(JUnit4Provider.java:112)
	at java.base/jdk.internal.reflect.NativeMethodAccessorImpl.invoke0(Native Method)
	at java.base/jdk.internal.reflect.NativeMethodAccessorImpl.invoke(NativeMethodAccessorImpl.java:64)
	at java.base/jdk.internal.reflect.DelegatingMethodAccessorImpl.invoke(DelegatingMethodAccessorImpl.java:43)
	at java.base/java.lang.reflect.Method.invoke(Method.java:564)
	at org.apache.maven.surefire.util.ReflectionUtils.invokeMethodWithArray(ReflectionUtils.java:189)
	at org.apache.maven.surefire.booter.ProviderFactory$ProviderProxy.invoke(ProviderFactory.java:165)
	at org.apache.maven.surefire.booter.ProviderFactory.invokeProvider(ProviderFactory.java:85)
	at org.apache.maven.surefire.booter.ForkedBooter.runSuitesInProcess(ForkedBooter.java:115)
	at org.apache.maven.surefire.booter.ForkedBooter.main(ForkedBooter.java:75)
</failure>
  </testcase>
  <testcase classname="com.documentosbrasileiros.documentos.cnpj.CNPJTest" name="deveriaCriarCnpjComStringFormatadaECompleta" time="0"/>
  <testcase classname="com.documentosbrasileiros.documentos.cnpj.CNPJTest" name="deveriaFalharAoCriarCnpjComApenasQuatro" time="0"/>
  <testcase classname="com.documentosbrasileiros.documentos.cnpj.CNPJTest" name="deveriaFalharAoCriarCnpjComApenasCinco" time="0"/>
  <testcase classname="com.documentosbrasileiros.documentos.cnpj.CNPJTest" name="deveriaCriarCnpjComStringNaoFormatada" time="0"/>
  <testcase classname="com.documentosbrasileiros.documentos.cnpj.CNPJTest" name="deveriaFalharAoCriarCnpjComCaracteresForaDoPadrao" time="0.001"/>
  <testcase classname="com.documentosbrasileiros.documentos.cnpj.CNPJTest" name="deveriaFalharAoCriarCnpjComLongGrandeDemais" time="0"/>
</testsuite>